{"contracts/Ownable.sol":{"l":{"21":22,"22":22,"29":3,"36":53,"37":49,"44":53,"52":1,"59":1,"60":1,"61":1},"path":"/Users/cgewecke/code/ethpm/solidity-registry/contracts/Ownable.sol","s":{"1":22,"2":22,"3":3,"4":53,"5":53,"6":1,"7":1,"8":1,"9":1},"b":{"1":[49,4],"2":[1,0]},"f":{"1":22,"2":3,"3":53,"4":53,"5":1,"6":1},"fnMap":{"1":{"name":"constructor","line":20,"loc":{"start":{"line":20,"column":4},"end":{"line":20,"column":25}}},"2":{"name":"owner","line":28,"loc":{"start":{"line":28,"column":4},"end":{"line":28,"column":48}}},"3":{"name":"onlyOwner","line":35,"loc":{"start":{"line":35,"column":4},"end":{"line":35,"column":22}}},"4":{"name":"isOwner","line":43,"loc":{"start":{"line":43,"column":4},"end":{"line":43,"column":47}}},"5":{"name":"transferOwnership","line":51,"loc":{"start":{"line":51,"column":4},"end":{"line":51,"column":63}}},"6":{"name":"_transferOwnership","line":58,"loc":{"start":{"line":58,"column":4},"end":{"line":58,"column":56}}}},"statementMap":{"1":{"start":{"line":21,"column":8},"end":{"line":21,"column":26}},"2":{"start":{"line":22,"column":8},"end":{"line":22,"column":53}},"3":{"start":{"line":29,"column":8},"end":{"line":29,"column":21}},"4":{"start":{"line":36,"column":8},"end":{"line":36,"column":61}},"5":{"start":{"line":44,"column":8},"end":{"line":44,"column":35}},"6":{"start":{"line":52,"column":8},"end":{"line":52,"column":35}},"7":{"start":{"line":59,"column":8},"end":{"line":59,"column":80}},"8":{"start":{"line":60,"column":8},"end":{"line":60,"column":51}},"9":{"start":{"line":61,"column":8},"end":{"line":61,"column":24}}},"branchMap":{"1":{"line":36,"type":"if","locations":[{"start":{"line":36,"column":8},"end":{"line":36,"column":8}},{"start":{"line":36,"column":8},"end":{"line":36,"column":8}}]},"2":{"line":59,"type":"if","locations":[{"start":{"line":59,"column":8},"end":{"line":59,"column":8}},{"start":{"line":59,"column":8},"end":{"line":59,"column":8}}]}}},"contracts/PackageRegistry.sol":{"l":{"45":22,"46":20,"50":2,"51":2,"75":48,"76":42,"77":40,"80":38,"81":38,"82":38,"85":38,"86":15,"87":15,"88":15,"89":15,"90":15,"91":15,"92":15,"94":23,"96":38,"97":36,"109":38,"110":38,"113":36,"114":36,"115":36,"116":36,"117":36,"119":36,"120":36,"121":36,"124":36,"125":36,"126":36,"127":36,"130":36,"146":3,"147":3,"148":2,"162":1,"163":1,"164":1,"167":1,"170":1,"173":1,"174":0,"178":1,"181":1,"182":1,"183":1,"184":1,"185":1,"188":1,"204":9,"205":9,"206":9,"207":9,"208":9,"209":9,"212":9,"215":7,"218":7,"219":2,"223":7,"226":7,"227":12,"228":12,"229":12,"230":12,"231":12,"234":9,"248":2,"249":2,"250":2,"263":2,"269":3,"280":5,"281":5,"282":5,"294":4,"295":4,"296":4,"302":24,"303":24,"319":102,"333":53,"344":48,"361":48,"371":82},"path":"/Users/cgewecke/code/ethpm/solidity-registry/contracts/PackageRegistry.sol","s":{"1":22,"2":2,"3":48,"4":42,"5":40,"6":38,"7":38,"8":38,"9":38,"10":15,"11":15,"12":15,"13":15,"14":15,"15":15,"16":23,"17":38,"18":36,"19":38,"20":38,"21":36,"22":36,"23":36,"24":36,"25":36,"26":36,"27":36,"28":36,"29":36,"30":36,"31":36,"32":3,"33":3,"34":2,"35":1,"36":1,"37":1,"38":1,"39":1,"40":1,"41":0,"42":1,"43":1,"44":1,"45":1,"46":1,"47":9,"48":9,"49":9,"50":9,"51":9,"52":9,"53":9,"54":7,"55":7,"56":2,"57":7,"58":7,"59":12,"60":12,"61":12,"62":9,"63":2,"64":2,"65":2,"66":2,"67":3,"68":5,"69":5,"70":5,"71":4,"72":4,"73":4,"74":24,"75":24,"76":102,"77":53,"78":48,"79":48,"80":82},"b":{"1":[20,2],"2":[2,0],"3":[15,23],"4":[36,2],"5":[2,1],"6":[1,0],"7":[0,1],"8":[7,2],"9":[2,5],"10":[42,6],"11":[78,4]},"f":{"1":22,"2":2,"3":48,"4":38,"5":3,"6":1,"7":9,"8":2,"9":2,"10":3,"11":5,"12":4,"13":24,"14":102,"15":53,"16":48,"17":48,"18":82},"fnMap":{"1":{"name":"onlyIfPackageExists","line":44,"loc":{"start":{"line":44,"column":4},"end":{"line":44,"column":57}}},"2":{"name":"onlyIfReleaseExists","line":49,"loc":{"start":{"line":49,"column":4},"end":{"line":49,"column":80}}},"3":{"name":"release","line":66,"loc":{"start":{"line":66,"column":4},"end":{"line":74,"column":5}}},"4":{"name":"_cutRelease","line":100,"loc":{"start":{"line":100,"column":4},"end":{"line":108,"column":5}}},"5":{"name":"getPackageName","line":141,"loc":{"start":{"line":141,"column":4},"end":{"line":145,"column":5}}},"6":{"name":"getAllPackageIds","line":154,"loc":{"start":{"line":154,"column":4},"end":{"line":161,"column":5}}},"7":{"name":"getAllReleaseIds","line":195,"loc":{"start":{"line":195,"column":4},"end":{"line":203,"column":5}}},"8":{"name":"getReleaseData","line":240,"loc":{"start":{"line":240,"column":4},"end":{"line":247,"column":5}}},"9":{"name":"getReleaseId","line":256,"loc":{"start":{"line":256,"column":4},"end":{"line":262,"column":5}}},"10":{"name":"numPackageIds","line":267,"loc":{"start":{"line":267,"column":4},"end":{"line":268,"column":5}}},"11":{"name":"numReleaseIds","line":274,"loc":{"start":{"line":274,"column":4},"end":{"line":279,"column":5}}},"12":{"name":"releaseExists","line":288,"loc":{"start":{"line":288,"column":4},"end":{"line":293,"column":5}}},"13":{"name":"packageExists","line":301,"loc":{"start":{"line":301,"column":4},"end":{"line":301,"column":78}}},"14":{"name":"generatePackageId","line":314,"loc":{"start":{"line":314,"column":4},"end":{"line":318,"column":5}}},"15":{"name":"generateReleaseId","line":325,"loc":{"start":{"line":325,"column":4},"end":{"line":332,"column":5}}},"16":{"name":"generatePackageReleaseId","line":336,"loc":{"start":{"line":336,"column":4},"end":{"line":343,"column":5}}},"17":{"name":"validatePackageName","line":356,"loc":{"start":{"line":356,"column":4},"end":{"line":360,"column":5}}},"18":{"name":"validateStringIdentifier","line":366,"loc":{"start":{"line":366,"column":4},"end":{"line":370,"column":5}}}},"statementMap":{"1":{"start":{"line":45,"column":8},"end":{"line":45,"column":68}},"2":{"start":{"line":50,"column":8},"end":{"line":50,"column":78}},"3":{"start":{"line":75,"column":8},"end":{"line":75,"column":39}},"4":{"start":{"line":76,"column":8},"end":{"line":76,"column":40}},"5":{"start":{"line":77,"column":8},"end":{"line":77,"column":44}},"6":{"start":{"line":80,"column":8},"end":{"line":80,"column":58}},"7":{"start":{"line":81,"column":8},"end":{"line":81,"column":67}},"8":{"start":{"line":82,"column":8},"end":{"line":82,"column":53}},"9":{"start":{"line":85,"column":8},"end":{"line":85,"column":2880}},"10":{"start":{"line":86,"column":12},"end":{"line":86,"column":32}},"11":{"start":{"line":87,"column":12},"end":{"line":87,"column":46}},"12":{"start":{"line":88,"column":12},"end":{"line":88,"column":46}},"13":{"start":{"line":89,"column":12},"end":{"line":89,"column":37}},"14":{"start":{"line":90,"column":12},"end":{"line":90,"column":35}},"15":{"start":{"line":91,"column":12},"end":{"line":91,"column":50}},"16":{"start":{"line":94,"column":12},"end":{"line":94,"column":46}},"17":{"start":{"line":96,"column":8},"end":{"line":96,"column":75}},"18":{"start":{"line":97,"column":8},"end":{"line":97,"column":24}},"19":{"start":{"line":109,"column":8},"end":{"line":109,"column":56}},"20":{"start":{"line":110,"column":8},"end":{"line":110,"column":68}},"21":{"start":{"line":113,"column":8},"end":{"line":113,"column":31}},"22":{"start":{"line":114,"column":8},"end":{"line":114,"column":45}},"23":{"start":{"line":115,"column":8},"end":{"line":115,"column":39}},"24":{"start":{"line":116,"column":8},"end":{"line":116,"column":35}},"25":{"start":{"line":117,"column":8},"end":{"line":117,"column":43}},"26":{"start":{"line":119,"column":8},"end":{"line":119,"column":39}},"27":{"start":{"line":120,"column":8},"end":{"line":120,"column":46}},"28":{"start":{"line":124,"column":8},"end":{"line":124,"column":53}},"29":{"start":{"line":125,"column":8},"end":{"line":125,"column":92}},"30":{"start":{"line":126,"column":8},"end":{"line":126,"column":56}},"31":{"start":{"line":130,"column":8},"end":{"line":130,"column":62}},"32":{"start":{"line":146,"column":8},"end":{"line":146,"column":58}},"33":{"start":{"line":147,"column":8},"end":{"line":147,"column":71}},"34":{"start":{"line":148,"column":8},"end":{"line":148,"column":33}},"35":{"start":{"line":162,"column":8},"end":{"line":162,"column":31}},"36":{"start":{"line":163,"column":8},"end":{"line":163,"column":28}},"37":{"start":{"line":164,"column":8},"end":{"line":164,"column":22}},"38":{"start":{"line":167,"column":8},"end":{"line":167,"column":5655}},"39":{"start":{"line":170,"column":12},"end":{"line":170,"column":44}},"40":{"start":{"line":173,"column":12},"end":{"line":173,"column":5872}},"41":{"start":{"line":174,"column":16},"end":{"line":174,"column":32}},"42":{"start":{"line":178,"column":12},"end":{"line":178,"column":44}},"43":{"start":{"line":181,"column":12},"end":{"line":181,"column":6076}},"44":{"start":{"line":182,"column":16},"end":{"line":182,"column":52}},"45":{"start":{"line":183,"column":16},"end":{"line":183,"column":43}},"46":{"start":{"line":188,"column":8},"end":{"line":188,"column":31}},"47":{"start":{"line":204,"column":8},"end":{"line":204,"column":58}},"48":{"start":{"line":205,"column":8},"end":{"line":205,"column":53}},"49":{"start":{"line":206,"column":8},"end":{"line":206,"column":31}},"50":{"start":{"line":207,"column":8},"end":{"line":207,"column":28}},"51":{"start":{"line":208,"column":8},"end":{"line":208,"column":22}},"52":{"start":{"line":209,"column":8},"end":{"line":209,"column":54}},"53":{"start":{"line":212,"column":8},"end":{"line":212,"column":7364}},"54":{"start":{"line":215,"column":12},"end":{"line":215,"column":50}},"55":{"start":{"line":218,"column":12},"end":{"line":218,"column":7593}},"56":{"start":{"line":219,"column":16},"end":{"line":219,"column":32}},"57":{"start":{"line":223,"column":12},"end":{"line":223,"column":44}},"58":{"start":{"line":226,"column":12},"end":{"line":226,"column":7797}},"59":{"start":{"line":227,"column":16},"end":{"line":227,"column":86}},"60":{"start":{"line":228,"column":16},"end":{"line":228,"column":68}},"61":{"start":{"line":229,"column":16},"end":{"line":229,"column":43}},"62":{"start":{"line":234,"column":8},"end":{"line":234,"column":31}},"63":{"start":{"line":248,"column":8},"end":{"line":248,"column":58}},"64":{"start":{"line":249,"column":8},"end":{"line":249,"column":72}},"65":{"start":{"line":250,"column":8},"end":{"line":250,"column":85}},"66":{"start":{"line":263,"column":8},"end":{"line":263,"column":54}},"67":{"start":{"line":269,"column":8},"end":{"line":269,"column":27}},"68":{"start":{"line":280,"column":8},"end":{"line":280,"column":58}},"69":{"start":{"line":281,"column":8},"end":{"line":281,"column":53}},"70":{"start":{"line":282,"column":8},"end":{"line":282,"column":35}},"71":{"start":{"line":294,"column":8},"end":{"line":294,"column":67}},"72":{"start":{"line":295,"column":8},"end":{"line":295,"column":59}},"73":{"start":{"line":296,"column":8},"end":{"line":296,"column":35}},"74":{"start":{"line":302,"column":8},"end":{"line":302,"column":58}},"75":{"start":{"line":303,"column":8},"end":{"line":303,"column":41}},"76":{"start":{"line":319,"column":8},"end":{"line":319,"column":48}},"77":{"start":{"line":333,"column":8},"end":{"line":333,"column":64}},"78":{"start":{"line":344,"column":8},"end":{"line":344,"column":74}},"79":{"start":{"line":361,"column":8},"end":{"line":361,"column":91}},"80":{"start":{"line":371,"column":8},"end":{"line":371,"column":70}}},"branchMap":{"1":{"line":45,"type":"if","locations":[{"start":{"line":45,"column":8},"end":{"line":45,"column":8}},{"start":{"line":45,"column":8},"end":{"line":45,"column":8}}]},"2":{"line":50,"type":"if","locations":[{"start":{"line":50,"column":8},"end":{"line":50,"column":8}},{"start":{"line":50,"column":8},"end":{"line":50,"column":8}}]},"3":{"line":85,"type":"if","locations":[{"start":{"line":85,"column":8},"end":{"line":85,"column":8}},{"start":{"line":85,"column":8},"end":{"line":85,"column":8}}]},"4":{"line":110,"type":"if","locations":[{"start":{"line":110,"column":8},"end":{"line":110,"column":8}},{"start":{"line":110,"column":8},"end":{"line":110,"column":8}}]},"5":{"line":147,"type":"if","locations":[{"start":{"line":147,"column":8},"end":{"line":147,"column":8}},{"start":{"line":147,"column":8},"end":{"line":147,"column":8}}]},"6":{"line":167,"type":"if","locations":[{"start":{"line":167,"column":8},"end":{"line":167,"column":8}},{"start":{"line":167,"column":8},"end":{"line":167,"column":8}}]},"7":{"line":173,"type":"if","locations":[{"start":{"line":173,"column":12},"end":{"line":173,"column":12}},{"start":{"line":173,"column":12},"end":{"line":173,"column":12}}]},"8":{"line":212,"type":"if","locations":[{"start":{"line":212,"column":8},"end":{"line":212,"column":8}},{"start":{"line":212,"column":8},"end":{"line":212,"column":8}}]},"9":{"line":218,"type":"if","locations":[{"start":{"line":218,"column":12},"end":{"line":218,"column":12}},{"start":{"line":218,"column":12},"end":{"line":218,"column":12}}]},"10":{"line":361,"type":"if","locations":[{"start":{"line":361,"column":8},"end":{"line":361,"column":8}},{"start":{"line":361,"column":8},"end":{"line":361,"column":8}}]},"11":{"line":371,"type":"if","locations":[{"start":{"line":371,"column":8},"end":{"line":371,"column":8}},{"start":{"line":371,"column":8},"end":{"line":371,"column":8}}]}}},"contracts/PackageRegistryInterface.sol":{"l":{},"path":"/Users/cgewecke/code/ethpm/solidity-registry/contracts/PackageRegistryInterface.sol","s":{},"b":{},"f":{},"fnMap":{},"statementMap":{},"branchMap":{}}}